glacier,cell,sed,Debri,,melt,z
32.5,Cell 13:,1627.28,237.4290803,Hydro.13.out,4031.727318,3197.314081
32.5,Cell 14:,1077.86,206.0202568,Hydro.14.out,2593.261986,3815.07334
32.5,Cell 22:,54.1,12.69956417,Hydro.22.out,193.3061921,4786.320778
32.5,Cell 23:,523.73,78.70365517,Hydro.23.out,1666.157331,4069.613509
32.5,Cell 24:,692.47,85.74861394,Hydro.24.out,2230.204426,3945.877282
32.5,Cell 25:,274.49,51.80739852,Hydro.25.out,922.7129145,4683.685265
32.5,Cell 26:,19.87,5.310920503,Hydro.26.out,60.29496529,5310.663283
32.5,Cell 32:,0,0,Hydro.32.out,0.006769608,5455.397794
32.5,Cell 33:,61.96,7.285494229,Hydro.33.out,378.887628,4705.298133
32.5,Cell 34:,462.3,35.04254396,Hydro.34.out,1932.394453,3962.573479
32.5,Cell 35:,423.22,30.64927561,Hydro.35.out,1875.580825,4028.84611
32.5,Cell 36:,119.71,10.5962173,Hydro.36.out,747.739507,4679.792901
32.5,Cell 37:,17.06,1.56696525,Hydro.37.out,150.1469803,5174.635378
32.5,Cell 38:,8.07,0.488333831,Hydro.38.out,84.6490467,5260.062542
32.5,Cell 42:,0.01,0,Hydro.42.out,0.282071766,5403.260592
32.5,Cell 43:,0.02,0,Hydro.43.out,0.402877386,5214.378471
32.5,Cell 44:,200.94,12.00047895,Hydro.44.out,1153.615933,4418.799601
32.5,Cell 45:,506.12,16.82281918,Hydro.45.out,2351.363404,3828.594186
32.5,Cell 46:,339.73,11.93585952,Hydro.46.out,1848.417028,4093.889574
32.5,Cell 47:,49.91,1.07966339,Hydro.47.out,497.3974183,4971.310535
32.5,Cell 48:,0,0,Hydro.48.out,0.016743748,5633.217405
32.5,Cell 49:,0,0,Hydro.49.out,0.004157997,5717.108109
32.5,Cell 53:,0,0,Hydro.53.out,0.050158826,5676.340709
32.5,Cell 54:,4.38,0.05103546,Hydro.54.out,51.63803617,5308.61467
32.5,Cell 55:,238.01,5.548641258,Hydro.55.out,1457.226448,4382.436719
32.5,Cell 56:,549.42,8.805180345,Hydro.56.out,2669.283593,3855.94317
32.5,Cell 57:,301.54,4.502625129,Hydro.57.out,1854.149347,4332.552992
32.5,Cell 58:,43.4,0,Hydro.58.out,492.1438628,5184.980874
32.5,Cell 59:,5.79,0,Hydro.59.out,82.42361656,5523.104455
32.5,Cell 60:,20.74,0.187717396,Hydro.60.out,235.1315093,5407.66511
32.5,Cell 63:,0,0,Hydro.63.out,0.252582842,5665.073338
32.5,Cell 64:,0,0,Hydro.64.out,0.019751063,5808.681111
32.5,Cell 65:,62.4,0.04526432,Hydro.65.out,580.8802895,5107.543301
32.5,Cell 66:,550.3,4.897662458,Hydro.66.out,2715.522436,4051.483284
32.5,Cell 67:,745.65,4.786453351,Hydro.67.out,3393.998591,3911.563014
32.5,Cell 68:,233.23,1.723277096,Hydro.68.out,1599.569158,4715.746059
32.5,Cell 69:,48.05,0.090021679,Hydro.69.out,515.5175905,5313.121619
32.5,Cell 74:,0,0,Hydro.74.out,0.172342048,5825.377307
32.5,Cell 75:,21.18,0.209390339,Hydro.75.out,220.8972795,5550.248577
32.5,Cell 76:,304.87,1.555972889,Hydro.76.out,1804.517046,4616.593189
32.5,Cell 77:,663.68,2.71425486,Hydro.77.out,3103.275146,4127.998981
32.5,Cell 78:,295.69,0.976946248,Hydro.78.out,1846.702821,4672.725186
32.5,Cell 79:,59.17,0,Hydro.79.out,584.6025503,5295.093824
32.5,Cell 85:,18.12,1.041156028,Hydro.85.out,156.961781,5690.783431
32.5,Cell 86:,158.79,0.803535487,Hydro.86.out,1104.43859,5077.735982
32.5,Cell 87:,421.27,0.763729152,Hydro.87.out,2241.428838,4559.334454
32.5,Cell 88:,284,0.551039983,Hydro.88.out,1746.52959,4777.921465
27.5,Cell 13:,1333.31,211.23812,Hydro.13.out,3411.461577,3197.314081
27.5,Cell 14:,907.15,188.2413653,Hydro.14.out,2194.298604,3815.07334
27.5,Cell 22:,48.07,12.13385826,Hydro.22.out,163.5667779,4786.320778
27.5,Cell 23:,437.42,72.73925699,Hydro.23.out,1409.825434,4069.613509
27.5,Cell 24:,569.62,78.46009469,Hydro.24.out,1887.096053,3945.877282
27.5,Cell 25:,236.48,49.26486372,Hydro.25.out,780.7570815,4683.685265
27.5,Cell 26:,18.07,5.159176554,Hydro.26.out,51.01881678,5310.663283
27.5,Cell 32:,0,0,Hydro.32.out,0.00572813,5455.397794
27.5,Cell 33:,51.78,6.879855527,Hydro.33.out,320.5972237,4705.298133
27.5,Cell 34:,374.82,33.02576121,Hydro.34.out,1635.102999,3962.573479
27.5,Cell 35:,342.08,28.47135172,Hydro.35.out,1587.029929,4028.84611
27.5,Cell 36:,99.19,10.33337227,Hydro.36.out,632.7026598,4679.792901
27.5,Cell 37:,14.28,1.524358376,Hydro.37.out,127.0474449,5174.635378
27.5,Cell 38:,6.75,0.533793394,Hydro.38.out,71.62611644,5260.062542
27.5,Cell 42:,0.01,0,Hydro.42.out,0.238676109,5403.260592
27.5,Cell 43:,0.01,0,Hydro.43.out,0.340896249,5214.378471
27.5,Cell 44:,162.45,11.53120521,Hydro.44.out,976.1365589,4418.799601
27.5,Cell 45:,402.03,16.10120763,Hydro.45.out,1989.615188,3828.594186
27.5,Cell 46:,270.37,11.36444219,Hydro.46.out,1564.045177,4093.889574
27.5,Cell 47:,40,1.126685012,Hydro.47.out,420.8747386,4971.310535
27.5,Cell 48:,0,0,Hydro.48.out,0.014167787,5633.217405
27.5,Cell 49:,0,0,Hydro.49.out,0.003518305,5717.108109
27.5,Cell 53:,0,0,Hydro.53.out,0.042442084,5676.340709
27.5,Cell 54:,3.45,0.050966166,Hydro.54.out,43.69372291,5308.61467
27.5,Cell 55:,188.69,5.544005339,Hydro.55.out,1233.037763,4382.436719
27.5,Cell 56:,431.96,8.360523627,Hydro.56.out,2258.624578,3855.94317
27.5,Cell 57:,237.68,4.510972806,Hydro.57.out,1568.895602,4332.552992
27.5,Cell 58:,34.01,0,Hydro.58.out,416.4294224,5184.980874
27.5,Cell 59:,4.51,0,Hydro.59.out,69.74306017,5523.104455
27.5,Cell 60:,16.28,0.177806035,Hydro.60.out,198.9574309,5407.66511
27.5,Cell 63:,0,0,Hydro.63.out,0.213723943,5665.073338
27.5,Cell 64:,0,0,Hydro.64.out,0.016712438,5808.681111
27.5,Cell 65:,48.96,0.135730036,Hydro.65.out,491.5140911,5107.543301
27.5,Cell 66:,431.07,4.756105716,Hydro.66.out,2297.749754,4051.483284
27.5,Cell 67:,583.11,4.6672329,Hydro.67.out,2871.844961,3911.563014
27.5,Cell 68:,182.67,1.636404298,Hydro.68.out,1353.481595,4715.746059
27.5,Cell 69:,37.36,0,Hydro.69.out,436.207192,5313.121619
27.5,Cell 74:,0,0,Hydro.74.out,0.145827887,5825.377307
27.5,Cell 75:,16.57,0.198090065,Hydro.75.out,186.9130827,5550.248577
27.5,Cell 76:,238.48,1.609945981,Hydro.76.out,1526.899039,4616.593189
27.5,Cell 77:,518.24,2.664870271,Hydro.77.out,2625.848201,4127.998981
27.5,Cell 78:,230.94,0.983212485,Hydro.78.out,1562.594695,4672.725186
27.5,Cell 79:,46.09,0,Hydro.79.out,494.6636964,5295.093824
27.5,Cell 85:,14.37,0.910074195,Hydro.85.out,132.8138147,5690.783431
27.5,Cell 86:,123.82,0.630776905,Hydro.86.out,934.5249611,5077.735982
27.5,Cell 87:,328.4,0.673308865,Hydro.87.out,1896.593632,4559.334454
27.5,Cell 88:,221.47,0.511230149,Hydro.88.out,1477.83273,4777.921465
22.5,Cell 13:,1065.02,188.0170127,Hydro.13.out,2791.195835,3197.314081
22.5,Cell 14:,751.7,172.744599,Hydro.14.out,1795.335221,3815.07334
22.5,Cell 22:,42.75,11.7582097,Hydro.22.out,133.8273638,4786.320778
22.5,Cell 23:,359.7,68.17693803,Hydro.23.out,1153.493537,4069.613509
22.5,Cell 24:,458.07,72.40940566,Hydro.24.out,1543.98768,3945.877282
22.5,Cell 25:,201.09,46.57598808,Hydro.25.out,638.8012485,4683.685265
22.5,Cell 26:,16.41,5.011621097,Hydro.26.out,41.74266828,5310.663283
22.5,Cell 32:,0,0,Hydro.32.out,0.004686652,5455.397794
22.5,Cell 33:,42.69,6.661234607,Hydro.33.out,262.3068194,4705.298133
22.5,Cell 34:,294.43,30.89847829,Hydro.34.out,1337.811544,3962.573479
22.5,Cell 35:,268.72,27.02032076,Hydro.35.out,1298.479032,4028.84611
22.5,Cell 36:,80.87,10.38579603,Hydro.36.out,517.6658125,4679.792901
22.5,Cell 37:,11.79,1.526568406,Hydro.37.out,103.9479094,5174.635378
22.5,Cell 38:,5.49,0.534843533,Hydro.38.out,58.60318618,5260.062542
22.5,Cell 42:,0.01,0,Hydro.42.out,0.195280453,5403.260592
22.5,Cell 43:,0.01,0,Hydro.43.out,0.278915113,5214.378471
22.5,Cell 44:,127.38,11.16415087,Hydro.44.out,798.6571845,4418.799601
22.5,Cell 45:,306.97,15.44796232,Hydro.45.out,1627.866972,3828.594186
22.5,Cell 46:,207.5,11.16158384,Hydro.46.out,1279.673327,4093.889574
22.5,Cell 47:,30.89,1.129101798,Hydro.47.out,344.3520588,4971.310535
22.5,Cell 48:,0,0,Hydro.48.out,0.011591826,5633.217405
22.5,Cell 49:,0,0,Hydro.49.out,0.002878613,5717.108109
22.5,Cell 53:,0,0,Hydro.53.out,0.034725341,5676.340709
22.5,Cell 54:,2.61,0.050896872,Hydro.54.out,35.74940965,5308.61467
22.5,Cell 55:,143.6,5.49543184,Hydro.55.out,1008.849079,4382.436719
22.5,Cell 56:,324.88,8.062453428,Hydro.56.out,1847.965564,3855.94317
22.5,Cell 57:,179.25,4.430412237,Hydro.57.out,1283.641856,4332.552992
22.5,Cell 58:,25.44,0,Hydro.58.out,340.7149819,5184.980874
22.5,Cell 59:,3.34,0,Hydro.59.out,57.06250377,5523.104455
22.5,Cell 60:,12.2,0.167894674,Hydro.60.out,162.7833526,5407.66511
22.5,Cell 63:,0,0,Hydro.63.out,0.174865044,5665.073338
22.5,Cell 64:,0,0,Hydro.64.out,0.013673813,5808.681111
22.5,Cell 65:,36.57,0.13759527,Hydro.65.out,402.1478927,5107.543301
22.5,Cell 66:,322.27,4.660933297,Hydro.66.out,1879.977071,4051.483284
22.5,Cell 67:,434.52,4.419457715,Hydro.67.out,2349.691332,3911.563014
22.5,Cell 68:,136.79,1.734862278,Hydro.68.out,1107.394032,4715.746059
22.5,Cell 69:,27.73,0,Hydro.69.out,356.8967935,5313.121619
22.5,Cell 74:,0,0,Hydro.74.out,0.119313726,5825.377307
22.5,Cell 75:,12.36,0.186789792,Hydro.75.out,152.9288858,5550.248577
22.5,Cell 76:,177.81,1.619569261,Hydro.76.out,1249.281032,4616.593189
22.5,Cell 77:,385.34,2.527444222,Hydro.77.out,2148.421255,4127.998981
22.5,Cell 78:,171.78,0.944869196,Hydro.78.out,1278.486568,4672.725186
22.5,Cell 79:,34.15,0,Hydro.79.out,404.7248425,5295.093824
22.5,Cell 85:,11.06,0.872670818,Hydro.85.out,108.6658484,5690.783431
22.5,Cell 86:,92.02,0.558259204,Hydro.86.out,764.6113318,5077.735982
22.5,Cell 87:,243.77,0.675714325,Hydro.87.out,1551.758426,4559.334454
22.5,Cell 88:,164.45,0.516567062,Hydro.88.out,1209.13587,4777.921465
17.5,Cell 13:,827.01,169.2407251,Hydro.13.out,2170.930094,3197.314081
17.5,Cell 14:,613.07,159.6798474,Hydro.14.out,1396.371839,3815.07334
17.5,Cell 22:,37.84,11.34677471,Hydro.22.out,104.0879496,4786.320778
17.5,Cell 23:,289.69,63.96156755,Hydro.23.out,897.1616399,4069.613509
17.5,Cell 24:,358.3,67.23600186,Hydro.24.out,1200.879306,3945.877282
17.5,Cell 25:,169.21,44.13406575,Hydro.25.out,496.8454155,4683.685265
17.5,Cell 26:,15.09,4.999129169,Hydro.26.out,32.46651977,5310.663283
17.5,Cell 32:,0,0,Hydro.32.out,0.003645173,5455.397794
17.5,Cell 33:,34.51,6.450202723,Hydro.33.out,204.0164151,4705.298133
17.5,Cell 34:,223.49,29.71554691,Hydro.34.out,1040.52009,3962.573479
17.5,Cell 35:,202.98,25.70266478,Hydro.35.out,1009.928136,4028.84611
17.5,Cell 36:,64.26,10.30547666,Hydro.36.out,402.6289653,4679.792901
17.5,Cell 37:,9.56,1.528778436,Hydro.37.out,80.84837401,5174.635378
17.5,Cell 38:,4.36,0.535893671,Hydro.38.out,45.58025591,5260.062542
17.5,Cell 42:,0,0,Hydro.42.out,0.151884797,5403.260592
17.5,Cell 43:,0.01,0,Hydro.43.out,0.216933977,5214.378471
17.5,Cell 44:,96.14,10.93987941,Hydro.44.out,621.1778102,4418.799601
17.5,Cell 45:,221.89,14.85462189,Hydro.45.out,1266.118756,3828.594186
17.5,Cell 46:,151.01,10.83247328,Hydro.46.out,995.3014764,4093.889574
17.5,Cell 47:,22.74,1.131518583,Hydro.47.out,267.8293791,4971.310535
17.5,Cell 48:,0,0,Hydro.48.out,0.009015864,5633.217405
17.5,Cell 49:,0,0,Hydro.49.out,0.002238922,5717.108109
17.5,Cell 53:,0,0,Hydro.53.out,0.027008599,5676.340709
17.5,Cell 54:,1.85,0.050827577,Hydro.54.out,27.8050964,5308.61467
17.5,Cell 55:,103.26,5.451342268,Hydro.55.out,784.6603949,4382.436719
17.5,Cell 56:,228.85,7.63803089,Hydro.56.out,1437.30655,3855.94317
17.5,Cell 57:,126.9,4.306297942,Hydro.57.out,998.3881102,4332.552992
17.5,Cell 58:,17.78,0,Hydro.58.out,265.0005415,5184.980874
17.5,Cell 59:,2.3,0,Hydro.59.out,44.38194738,5523.104455
17.5,Cell 60:,8.56,0.157983313,Hydro.60.out,126.6092742,5407.66511
17.5,Cell 63:,0,0,Hydro.63.out,0.136006146,5665.073338
17.5,Cell 64:,0,0,Hydro.64.out,0.010635188,5808.681111
17.5,Cell 65:,25.55,0.184631409,Hydro.65.out,312.7816943,5107.543301
17.5,Cell 66:,224.89,4.522564421,Hydro.66.out,1462.204389,4051.483284
17.5,Cell 67:,301.86,4.353470893,Hydro.67.out,1827.537703,3911.563014
17.5,Cell 68:,95.63,1.744111674,Hydro.68.out,861.3064696,4715.746059
17.5,Cell 69:,19.12,0,Hydro.69.out,277.5863949,5313.121619
17.5,Cell 74:,0,0,Hydro.74.out,0.092799564,5825.377307
17.5,Cell 75:,8.59,0.175489518,Hydro.75.out,118.944689,5550.248577
17.5,Cell 76:,123.56,1.62919254,Hydro.76.out,971.6630249,4616.593189
17.5,Cell 77:,266.54,2.438283067,Hydro.77.out,1670.994309,4127.998981
17.5,Cell 78:,118.92,0.951443917,Hydro.78.out,994.378442,4672.725186
17.5,Cell 79:,23.47,0,Hydro.79.out,314.7859886,5295.093824
17.5,Cell 85:,8.09,0.835267441,Hydro.85.out,84.51788209,5690.783431
17.5,Cell 86:,63.52,0.449871279,Hydro.86.out,594.6977025,5077.735982
17.5,Cell 87:,168.21,0.767472377,Hydro.87.out,1206.92322,4559.334454
17.5,Cell 88:,113.54,0.567264333,Hydro.88.out,940.4390098,4777.921465
12.5,Cell 13:,619.5,152.8626266,Hydro.13.out,1550.664353,3197.314081
12.5,Cell 14:,491.23,147.817017,Hydro.14.out,997.4084563,3815.07334
12.5,Cell 22:,33.8,11.16669013,Hydro.22.out,74.34853542,4786.320778
12.5,Cell 23:,228.39,60.1146571,Hydro.23.out,640.8297428,4069.613509
12.5,Cell 24:,270.16,61.89008528,Hydro.24.out,857.7709331,3945.877282
12.5,Cell 25:,141.93,42.38600573,Hydro.25.out,354.8895825,4683.685265
12.5,Cell 26:,13.73,4.854473051,Hydro.26.out,23.19037126,5310.663283
12.5,Cell 32:,0,0,Hydro.32.out,0.002603695,5455.397794
12.5,Cell 33:,27.31,6.201328133,Hydro.33.out,145.7260108,4705.298133
12.5,Cell 34:,161.4,28.34400478,Hydro.34.out,743.2286357,3962.573479
12.5,Cell 35:,146.09,24.67732223,Hydro.35.out,721.3772403,4028.84611
12.5,Cell 36:,49.76,10.18259516,Hydro.36.out,287.5921181,4679.792901
12.5,Cell 37:,7.7,1.57609669,Hydro.37.out,57.74883858,5174.635378
12.5,Cell 38:,3.38,0.536943809,Hydro.38.out,32.55732565,5260.062542
12.5,Cell 42:,0,0,Hydro.42.out,0.108489141,5403.260592
12.5,Cell 43:,0,0,Hydro.43.out,0.154952841,5214.378471
12.5,Cell 44:,69.28,10.89895308,Hydro.44.out,443.6984359,4418.799601
12.5,Cell 45:,148.32,14.45044378,Hydro.45.out,904.3705398,3828.594186
12.5,Cell 46:,101.81,10.38189528,Hydro.46.out,710.929626,4093.889574
12.5,Cell 47:,15.61,1.089777208,Hydro.47.out,191.3066994,4971.310535
12.5,Cell 48:,0,0,Hydro.48.out,0.006439903,5633.217405
12.5,Cell 49:,0,0,Hydro.49.out,0.00159923,5717.108109
12.5,Cell 53:,0,0,Hydro.53.out,0.019291856,5676.340709
12.5,Cell 54:,1.2,0.050758283,Hydro.54.out,19.86078314,5308.61467
12.5,Cell 55:,68.18,5.321614717,Hydro.55.out,560.4717106,4382.436719
12.5,Cell 56:,145.95,7.442609481,Hydro.56.out,1026.647536,3855.94317
12.5,Cell 57:,81.81,4.36268839,Hydro.57.out,713.1343644,4332.552992
12.5,Cell 58:,11.14,0,Hydro.58.out,189.2861011,5184.980874
12.5,Cell 59:,1.39,0,Hydro.59.out,31.70139098,5523.104455
12.5,Cell 60:,5.33,0.105015532,Hydro.60.out,90.43519588,5407.66511
12.5,Cell 63:,0,0,Hydro.63.out,0.097147247,5665.073338
12.5,Cell 64:,0,0,Hydro.64.out,0.007596563,5808.681111
12.5,Cell 65:,15.96,0.186966043,Hydro.65.out,223.415496,5107.543301
12.5,Cell 66:,140.54,4.386113263,Hydro.66.out,1044.431706,4051.483284
12.5,Cell 67:,186.8,4.156188885,Hydro.67.out,1305.384073,3911.563014
12.5,Cell 68:,60,1.753676091,Hydro.68.out,615.2189069,4715.746059
12.5,Cell 69:,11.66,0,Hydro.69.out,198.2759964,5313.121619
12.5,Cell 74:,0,0,Hydro.74.out,0.066285403,5825.377307
12.5,Cell 75:,5.33,0.164189245,Hydro.75.out,84.96049213,5550.248577
12.5,Cell 76:,76.6,1.638815819,Hydro.76.out,694.0450178,4616.593189
12.5,Cell 77:,163.81,2.438528156,Hydro.77.out,1193.567364,4127.998981
12.5,Cell 78:,73.31,1.048379397,Hydro.78.out,710.2703157,4672.725186
12.5,Cell 79:,14.23,0,Hydro.79.out,224.8471347,5295.093824
12.5,Cell 85:,5.45,0.755330835,Hydro.85.out,60.36991578,5690.783431
12.5,Cell 86:,38.95,0.433171946,Hydro.86.out,424.7840732,5077.735982
12.5,Cell 87:,102.69,0.770792659,Hydro.87.out,862.0880146,4559.334454
12.5,Cell 88:,69.4,0.57320402,Hydro.88.out,671.7421499,4777.921465
7.5,Cell 13:,446.68,138.2485142,Hydro.13.out,930.3986118,3197.314081
7.5,Cell 14:,389.22,137.2983228,Hydro.14.out,598.4450738,3815.07334
7.5,Cell 22:,30.27,10.90273384,Hydro.22.out,44.60912125,4786.320778
7.5,Cell 23:,178.21,57.20223099,Hydro.23.out,384.4978457,4069.613509
7.5,Cell 24:,197.82,57.65136641,Hydro.24.out,514.6625599,3945.877282
7.5,Cell 25:,118.75,40.54617818,Hydro.25.out,212.9337495,4683.685265
7.5,Cell 26:,12.63,4.755893464,Hydro.26.out,13.91422276,5310.663283
7.5,Cell 32:,0,0,Hydro.32.out,0.001562217,5455.397794
7.5,Cell 33:,21.59,6.13915161,Hydro.33.out,87.43560647,4705.298133
7.5,Cell 34:,110.07,26.9200757,Hydro.34.out,445.9371814,3962.573479
7.5,Cell 35:,99.27,23.68298973,Hydro.35.out,432.8263442,4028.84611
7.5,Cell 36:,37.78,10.0168271,Hydro.36.out,172.5552708,4679.792901
7.5,Cell 37:,6.12,1.579037753,Hydro.37.out,34.64930315,5174.635378
7.5,Cell 38:,2.51,0.494610668,Hydro.38.out,19.53439539,5260.062542
7.5,Cell 42:,0,0,Hydro.42.out,0.065093484,5403.260592
7.5,Cell 43:,0,0,Hydro.43.out,0.092971704,5214.378471
7.5,Cell 44:,46.98,10.64248005,Hydro.44.out,266.2190615,4418.799601
7.5,Cell 45:,87.84,13.87926302,Hydro.45.out,542.6223239,3828.594186
7.5,Cell 46:,61.71,10.07556778,Hydro.46.out,426.5577756,4093.889574
7.5,Cell 47:,9.77,1.048847274,Hydro.47.out,114.7840196,4971.310535
7.5,Cell 48:,0,0,Hydro.48.out,0.003863942,5633.217405
7.5,Cell 49:,0,0,Hydro.49.out,0.000959538,5717.108109
7.5,Cell 53:,0,0,Hydro.53.out,0.011575114,5676.340709
7.5,Cell 54:,0.66,0.050688989,Hydro.54.out,11.91646988,5308.61467
7.5,Cell 55:,39.52,5.195223458,Hydro.55.out,336.2830264,4382.436719
7.5,Cell 56:,78.32,7.294372396,Hydro.56.out,615.9885214,3855.94317
7.5,Cell 57:,45.04,4.420405693,Hydro.57.out,427.8806186,4332.552992
7.5,Cell 58:,5.73,0,Hydro.58.out,113.5716606,5184.980874
7.5,Cell 59:,0.65,0,Hydro.59.out,19.02083459,5523.104455
7.5,Cell 60:,2.69,0.054710029,Hydro.60.out,54.26111753,5407.66511
7.5,Cell 63:,0,0,Hydro.63.out,0.058288348,5665.073338
7.5,Cell 64:,0,0,Hydro.64.out,0.004557938,5808.681111
7.5,Cell 65:,8.2,0.234376946,Hydro.65.out,134.0492976,5107.543301
7.5,Cell 66:,71.85,4.341542669,Hydro.66.out,626.6590237,4051.483284
7.5,Cell 67:,93.09,4.096876211,Hydro.67.out,783.230444,3911.563014
7.5,Cell 68:,30.94,1.764602111,Hydro.68.out,369.1313441,4715.746059
7.5,Cell 69:,5.58,0,Hydro.69.out,118.9655978,5313.121619
7.5,Cell 74:,0,0,Hydro.74.out,0.039771242,5825.377307
7.5,Cell 75:,2.6,0.10983685,Hydro.75.out,50.97629528,5550.248577
7.5,Cell 76:,38.3,1.648439098,Hydro.76.out,416.4270107,4616.593189
7.5,Cell 77:,80.03,2.438773246,Hydro.77.out,716.1404183,4127.998981
7.5,Cell 78:,36,1.055993314,Hydro.78.out,426.1621894,4672.725186
7.5,Cell 79:,6.69,0,Hydro.79.out,134.9082808,5295.093824
7.5,Cell 85:,3.33,0.721595723,Hydro.85.out,36.22194947,5690.783431
7.5,Cell 86:,18.85,0.374818356,Hydro.86.out,254.8704439,5077.735982
7.5,Cell 87:,49.19,0.729636238,Hydro.87.out,517.2528088,4559.334454
7.5,Cell 88:,33.41,0.579143707,Hydro.88.out,403.0452899,4777.921465
2.5,Cell 13:,318.89,125.5269928,Hydro.13.out,310.1328706,3197.314081
2.5,Cell 14:,309.65,126.0947658,Hydro.14.out,199.4816913,3815.07334
2.5,Cell 22:,27.44,10.55307525,Hydro.22.out,14.86970708,4786.320778
2.5,Cell 23:,139.81,53.61702236,Hydro.23.out,128.1659486,4069.613509
2.5,Cell 24:,144.76,53.86269807,Hydro.24.out,171.5541866,3945.877282
2.5,Cell 25:,101.74,39.10191754,Hydro.25.out,70.9779165,4683.685265
2.5,Cell 26:,11.72,4.61537392,Hydro.26.out,4.638074253,5310.663283
2.5,Cell 32:,0,0,Hydro.32.out,0.000520739,5455.397794
2.5,Cell 33:,17.49,6.077274413,Hydro.33.out,29.14520216,4705.298133
2.5,Cell 34:,73.69,25.93093496,Hydro.34.out,148.6457271,3962.573479
2.5,Cell 35:,66.01,22.93430553,Hydro.35.out,144.2754481,4028.84611
2.5,Cell 36:,29.26,9.903502768,Hydro.36.out,57.51842361,4679.792901
2.5,Cell 37:,5,1.581978816,Hydro.37.out,11.54976772,5174.635378
2.5,Cell 38:,1.95,0.497658174,Hydro.38.out,6.511465131,5260.062542
2.5,Cell 42:,0,0,Hydro.42.out,0.021697828,5403.260592
2.5,Cell 43:,0,0,Hydro.43.out,0.030990568,5214.378471
2.5,Cell 44:,31.32,10.53084311,Hydro.44.out,88.73968717,4418.799601
2.5,Cell 45:,44.73,13.1498955,Hydro.45.out,180.874108,3828.594186
2.5,Cell 46:,33.39,9.819764415,Hydro.46.out,142.1859252,4093.889574
2.5,Cell 47:,5.72,1.053056726,Hydro.47.out,38.26133987,4971.310535
2.5,Cell 48:,0,0,Hydro.48.out,0.001287981,5633.217405
2.5,Cell 49:,0,0,Hydro.49.out,0.000319846,5717.108109
2.5,Cell 53:,0,0,Hydro.53.out,0.003858371,5676.340709
2.5,Cell 54:,0.28,0.050619694,Hydro.54.out,3.972156628,5308.61467
2.5,Cell 55:,19.52,5.205992851,Hydro.55.out,112.0943421,4382.436719
2.5,Cell 56:,30.99,7.32610739,Hydro.56.out,205.3295071,3855.94317
2.5,Cell 57:,19.16,4.434479268,Hydro.57.out,142.6268729,4332.552992
2.5,Cell 58:,1.93,0,Hydro.58.out,37.85722021,5184.980874
2.5,Cell 59:,0.13,0,Hydro.59.out,6.340278197,5523.104455
2.5,Cell 60:,0.89,0.051409229,Hydro.60.out,18.08703918,5407.66511
2.5,Cell 63:,0,0,Hydro.63.out,0.019429449,5665.073338
2.5,Cell 64:,0,0,Hydro.64.out,0.001519313,5808.681111
2.5,Cell 65:,2.71,0.236992901,Hydro.65.out,44.68309919,5107.543301
2.5,Cell 66:,23.61,4.297502674,Hydro.66.out,208.8863412,4051.483284
2.5,Cell 67:,27.29,4.037875785,Hydro.67.out,261.0768147,3911.563014
2.5,Cell 68:,10.48,1.731400864,Hydro.68.out,123.0437814,4715.746059
2.5,Cell 69:,1.31,0,Hydro.69.out,39.65519927,5313.121619
2.5,Cell 74:,0,0,Hydro.74.out,0.013257081,5825.377307
2.5,Cell 75:,0.72,0.102841192,Hydro.75.out,16.99209843,5550.248577
2.5,Cell 76:,11.5,1.702880914,Hydro.76.out,138.8090036,4616.593189
2.5,Cell 77:,21.25,2.439018335,Hydro.77.out,238.7134728,4127.998981
2.5,Cell 78:,9.83,1.063607232,Hydro.78.out,142.0540631,4672.725186
2.5,Cell 79:,1.41,0,Hydro.79.out,44.96942695,5295.093824
2.5,Cell 85:,1.69,0.602021107,Hydro.85.out,12.07398316,5690.783431
2.5,Cell 86:,4.77,0.361522267,Hydro.86.out,84.95681464,5077.735982
2.5,Cell 87:,11.72,0.733878232,Hydro.87.out,172.4176029,4559.334454
2.5,Cell 88:,8.17,0.585083394,Hydro.88.out,134.34843,4777.921465
